<?xml version="1.0" encoding="UTF-8"?>
<!-- Generated by org.testng.reporters.JUnitReportReporter -->
<testsuite hostname="b-Sat-M645" name="com.gmail.tests.VerifyUnreadEmailsTest" tests="1" failures="0" timestamp="20 Jan 2016 15:43:28 GMT" time="19.726" errors="0">
  <testcase name="runVerifyUnreadEmailsTest" time="19.726" classname="com.gmail.tests.VerifyUnreadEmailsTest"/>
</testsuite>
