<?xml version="1.0" encoding="UTF-8"?>
<!-- Generated by org.testng.reporters.JUnitReportReporter -->
<testsuite hostname="b-Sat-M645" name="com.gmail.tests.LoginLogOutTest" tests="1" failures="0" timestamp="20 Jan 2016 15:43:28 GMT" time="16.170" errors="0">
  <testcase name="loginLogOut" time="16.170" classname="com.gmail.tests.LoginLogOutTest"/>
</testsuite>
