<?xml version="1.0" encoding="UTF-8"?>
<!-- Generated by org.testng.reporters.JUnitReportReporter -->
<testsuite hostname="b-Sat-M645" name="com.gmail.tests.VerifyUnreadEmailsTest" tests="1" failures="0" timestamp="29 Jun 2016 14:46:12 GMT" time="17.806" errors="0">
  <testcase name="runVerifyUnreadEmailsTest" time="17.806" classname="com.gmail.tests.VerifyUnreadEmailsTest"/>
</testsuite>
