<?xml version="1.0" encoding="UTF-8"?>
<!-- Generated by org.testng.reporters.JUnitReportReporter -->
<testsuite hostname="b-Sat-M645" name="com.gmail.tests.DeleteEmailTest" tests="2" failures="0" timestamp="20 Jan 2016 15:43:28 GMT" time="28.576" errors="0">
  <testcase name="deleteEmail" time="7.072" classname="com.gmail.tests.DeleteEmailTest"/>
  <testcase name="runVerifyUnreadEmailsTest" time="21.504" classname="com.gmail.tests.DeleteEmailTest"/>
</testsuite>
