<?xml version="1.0" encoding="UTF-8"?>
<!-- Generated by org.testng.reporters.JUnitReportReporter -->
<testsuite hostname="b-Sat-M645" name="com.gmail.tests.LoginLogOutTest" tests="1" failures="0" timestamp="29 Jun 2016 14:45:35 GMT" time="19.861" errors="0">
  <testcase name="loginLogOut" time="19.861" classname="com.gmail.tests.LoginLogOutTest"/>
</testsuite>
