<?xml version="1.0" encoding="UTF-8"?>
<!-- Generated by org.testng.reporters.JUnitReportReporter -->
<testsuite hostname="b-Sat-M645" name="com.gmail.tests.CreateAccountTest" tests="1" failures="0" timestamp="29 Jun 2016 13:57:57 GMT" time="27.939" errors="0">
  <testcase name="createAccount" time="27.939" classname="com.gmail.tests.CreateAccountTest"/>
</testsuite>
