<?xml version="1.0" encoding="UTF-8"?>
<!-- Generated by org.testng.reporters.JUnitReportReporter -->
<testsuite hostname="b-Sat-M645" name="com.gmail.tests.DeleteEmailTest" tests="2" failures="0" timestamp="29 Jun 2016 14:37:48 GMT" time="22.787" errors="0">
  <testcase name="runVerifyUnreadEmailsTest" time="18.633" classname="com.gmail.tests.DeleteEmailTest"/>
  <testcase name="deleteEmail" time="4.154" classname="com.gmail.tests.DeleteEmailTest"/>
</testsuite>
